<?xml version="1.0" encoding="UTF-8"?>
<!-- Generated by org.testng.reporters.JUnitXMLReporter -->
<testsuite ignored="0" hostname="WS-02636159" failures="0" tests="5" name="Default test" time="16.678" errors="0" timestamp="2023-12-31T22:05:03 MSK">
  <testcase classname="tests.CartPageTest" name="login_with_valid_creds" time="0.761"/>
  <testcase classname="tests.CartPageTest" name="add_item_to_cart_test" time="0.232"/>
  <testcase classname="tests.CartPageTest" name="cart_test" time="0.169"/>
  <testcase classname="tests.CartPageTest" name="check_cart_test" time="0.123"/>
  <testcase classname="tests.CartPageTest" name="go_from_cart_to_products_page" time="0.181"/>
</testsuite> <!-- Default test -->
