<?xml version="1.0" encoding="UTF-8"?>
<!-- Generated by org.testng.reporters.JUnitXMLReporter -->
<testsuite ignored="0" hostname="WS-02636159" failures="0" tests="7" name="Test" time="25.924" errors="0" timestamp="2024-01-04T23:40:40 MSK">
  <testcase classname="tests.LoginPageTest" name="login_with_Wrong_creds" time="0.701"/>
  <testcase classname="tests.LoginPageTest" name="login_with_valid_creds" time="0.528"/>
  <testcase classname="tests.ProductsPageSortingTest" name="login_with_valid_creds" time="0.65"/>
  <testcase classname="tests.ProductsPageSortingTest" name="sortNameDesc_test" time="0.248"/>
  <testcase classname="tests.ProductsPageSortingTest" name="sortNameAsc_test" time="0.195"/>
  <testcase classname="tests.ProductsPageSortingTest" name="sortPriceAsc_test" time="0.18"/>
  <testcase classname="tests.ProductsPageSortingTest" name="sortPriceDesc_test" time="0.19"/>
</testsuite> <!-- Test -->
